<?xml version="1.0" encoding="UTF-8"?>
<testsuite xmlns:xsi="http://www.w3.org/2001/XMLSchema-instance" xsi:noNamespaceSchemaLocation="https://maven.apache.org/surefire/maven-surefire-plugin/xsd/surefire-test-report-3.0.xsd" version="3.0" name="runners.UsersRunner" time="8.517" tests="5" errors="0" skipped="0" failures="5">
  <properties>
[...]
</properties>
  <testcase name="[1:9] Registrar usuario con datos válidos" classname="features/users/create-user" time="4.343">
    <failure type="org.opentest4j.AssertionFailedError"><![CDATA[org.opentest4j.AssertionFailedError: 
js failed:
>>>>
01: baseUrl
<<<<
org.graalvm.polyglot.PolyglotException: ReferenceError: "baseUrl" is not defined
- <js>.:program(Unnamed:1)

classpath:features/users/create-user.feature:4
]]></failure>
    <system-out><![CDATA[---------------------------------------------------------
feature: classpath:features/users/create-user.feature
scenarios:  1 | passed:  0 | failed:  1 | time: 0.1737
---------------------------------------------------------

]]></system-out>
    <system-err><![CDATA[SLF4J: No SLF4J providers were found.
SLF4J: Defaulting to no-operation (NOP) logger implementation
SLF4J: See https://www.slf4j.org/codes.html#noProviders for further details.
SLF4J: Class path contains SLF4J bindings targeting slf4j-api versions 1.7.x or earlier.
SLF4J: Ignoring binding found at [jar:file:/C:/Users/maril_pwa2vea/.m2/repository/ch/qos/logback/logback-classic/1.2.9/logback-classic-1.2.9.jar!/org/slf4j/impl/StaticLoggerBinder.class]
SLF4J: See https://www.slf4j.org/codes.html#ignoredBindings for an explanation.
]]></system-err>
  </testcase>
  <testcase name="[1:9] Eliminar usuario existente" classname="features/users/delete-user" time="0.215">
    <failure type="org.opentest4j.AssertionFailedError"><![CDATA[org.opentest4j.AssertionFailedError: 
js failed:
>>>>
01: baseUrl
<<<<
org.graalvm.polyglot.PolyglotException: ReferenceError: "baseUrl" is not defined
- <js>.:program(Unnamed:1)

classpath:features/users/delete-user.feature:4
]]></failure>
    <system-out><![CDATA[---------------------------------------------------------
feature: classpath:features/users/delete-user.feature
scenarios:  1 | passed:  0 | failed:  1 | time: 0.0060
---------------------------------------------------------

]]></system-out>
  </testcase>
  <testcase name="[1:9] Obtener usuario por ID" classname="features/users/get-user" time="0.285">
    <failure type="org.opentest4j.AssertionFailedError"><![CDATA[org.opentest4j.AssertionFailedError: 
js failed:
>>>>
01: baseUrl
<<<<
org.graalvm.polyglot.PolyglotException: ReferenceError: "baseUrl" is not defined
- <js>.:program(Unnamed:1)

classpath:features/users/get-user.feature:4
]]></failure>
    <system-out><![CDATA[---------------------------------------------------------
feature: classpath:features/users/get-user.feature
scenarios:  1 | passed:  0 | failed:  1 | time: 0.0208
---------------------------------------------------------

]]></system-out>
  </testcase>
  <testcase name="[1:6] Obtener lista de usuarios" classname="features/users/list-users" time="0.103">
    <failure type="org.opentest4j.AssertionFailedError"><![CDATA[org.opentest4j.AssertionFailedError: 
js failed:
>>>>
01: baseUrl
<<<<
org.graalvm.polyglot.PolyglotException: ReferenceError: "baseUrl" is not defined
- <js>.:program(Unnamed:1)

classpath:features/users/list-users.feature:4
]]></failure>
    <system-out><![CDATA[---------------------------------------------------------
feature: classpath:features/users/list-users.feature
scenarios:  1 | passed:  0 | failed:  1 | time: 0.0032
---------------------------------------------------------

]]></system-out>
  </testcase>
  <testcase name="[1:9] Actualizar usuario existente" classname="features/users/update-user" time="0.388">
    <failure type="org.opentest4j.AssertionFailedError"><![CDATA[org.opentest4j.AssertionFailedError: 
js failed:
>>>>
01: baseUrl
<<<<
org.graalvm.polyglot.PolyglotException: ReferenceError: "baseUrl" is not defined
- <js>.:program(Unnamed:1)

classpath:features/users/update-user.feature:4
]]></failure>
    <system-out><![CDATA[---------------------------------------------------------
feature: classpath:features/users/update-user.feature
scenarios:  1 | passed:  0 | failed:  1 | time: 0.0028
---------------------------------------------------------

Karate version: 1.4.0
======================================================
elapsed:   6.37 | threads:    1 | thread time: 0.21 
features:     5 | skipped:    0 | efficiency: 0.03
scenarios:    5 | passed:     0 | failed: 5
======================================================
>>> failed features:
js failed:
>>>>
01: baseUrl
<<<<
org.graalvm.polyglot.PolyglotException: ReferenceError: "baseUrl" is not defined
- <js>.:program(Unnamed:1)

classpath:features/users/create-user.feature:4
js failed:
>>>>
01: baseUrl
<<<<
org.graalvm.polyglot.PolyglotException: ReferenceError: "baseUrl" is not defined
- <js>.:program(Unnamed:1)

classpath:features/users/delete-user.feature:4
js failed:
>>>>
01: baseUrl
<<<<
org.graalvm.polyglot.PolyglotException: ReferenceError: "baseUrl" is not defined
- <js>.:program(Unnamed:1)

classpath:features/users/get-user.feature:4
js failed:
>>>>
01: baseUrl
<<<<
org.graalvm.polyglot.PolyglotException: ReferenceError: "baseUrl" is not defined
- <js>.:program(Unnamed:1)

classpath:features/users/list-users.feature:4
js failed:
>>>>
01: baseUrl
<<<<
org.graalvm.polyglot.PolyglotException: ReferenceError: "baseUrl" is not defined
- <js>.:program(Unnamed:1)

classpath:features/users/update-user.feature:4
<<<

HTML report: (paste into browser to view) | Karate version: 1.4.0
file:///C:/Users/maril_pwa2vea/Downloads/qa-karate-serverest/target/karate-reports/karate-summary.html
===================================================================

]]></system-out>
  </testcase>
</testsuite>